<?xml version="1.0" encoding="UTF-8"?>
<testng-results skipped="0" failed="1" ignored="0" total="3" passed="2">
  <reporter-output>
  </reporter-output>
  <suite name="Default suite" duration-ms="3493" started-at="2021-06-21T16:08:02 MST" finished-at="2021-06-21T16:08:05 MST">
    <groups>
    </groups>
    <test name="Default test" duration-ms="3493" started-at="2021-06-21T16:08:02 MST" finished-at="2021-06-21T16:08:05 MST">
      <class name="RestAssuredAPI">
        <test-method status="PASS" signature="get_request()[pri:1, instance:RestAssuredAPI@3b088d51]" name="get_request" duration-ms="2042" started-at="2021-06-21T16:08:02 MST" finished-at="2021-06-21T16:08:04 MST">
          <reporter-output>
          </reporter-output>
        </test-method> <!-- get_request -->
        <test-method status="PASS" signature="get_request_specificUserID()[pri:2, instance:RestAssuredAPI@3b088d51]" name="get_request_specificUserID" duration-ms="724" started-at="2021-06-21T16:08:04 MST" finished-at="2021-06-21T16:08:05 MST">
          <reporter-output>
          </reporter-output>
        </test-method> <!-- get_request_specificUserID -->
        <test-method status="FAIL" signature="delete_request_toCheckStatusCode()[pri:3, instance:RestAssuredAPI@3b088d51]" name="delete_request_toCheckStatusCode" duration-ms="691" started-at="2021-06-21T16:08:05 MST" finished-at="2021-06-21T16:08:05 MST">
          <exception class="java.lang.AssertionError">
            <message>
              <![CDATA[expected [204] but found [200]]]>
            </message>
            <full-stacktrace>
              <![CDATA[java.lang.AssertionError: expected [204] but found [200]
at org.testng.Assert.fail(Assert.java:99)
at org.testng.Assert.failNotEquals(Assert.java:1037)
at org.testng.Assert.assertEqualsImpl(Assert.java:140)
at org.testng.Assert.assertEquals(Assert.java:122)
at org.testng.Assert.assertEquals(Assert.java:907)
at org.testng.Assert.assertEquals(Assert.java:917)
at RestAssuredAPI.delete_request_toCheckStatusCode(RestAssuredAPI.java:43)
at sun.reflect.NativeMethodAccessorImpl.invoke0(Native Method)
at sun.reflect.NativeMethodAccessorImpl.invoke(NativeMethodAccessorImpl.java:62)
at sun.reflect.DelegatingMethodAccessorImpl.invoke(DelegatingMethodAccessorImpl.java:43)
at java.lang.reflect.Method.invoke(Method.java:498)
at org.testng.internal.MethodInvocationHelper.invokeMethod(MethodInvocationHelper.java:132)
at org.testng.internal.TestInvoker.invokeMethod(TestInvoker.java:599)
at org.testng.internal.TestInvoker.invokeTestMethod(TestInvoker.java:174)
at org.testng.internal.MethodRunner.runInSequence(MethodRunner.java:46)
at org.testng.internal.TestInvoker$MethodInvocationAgent.invoke(TestInvoker.java:822)
at org.testng.internal.TestInvoker.invokeTestMethods(TestInvoker.java:147)
at org.testng.internal.TestMethodWorker.invokeTestMethods(TestMethodWorker.java:146)
at org.testng.internal.TestMethodWorker.run(TestMethodWorker.java:128)
at java.util.ArrayList.forEach(ArrayList.java:1257)
at org.testng.TestRunner.privateRun(TestRunner.java:764)
at org.testng.TestRunner.run(TestRunner.java:585)
at org.testng.SuiteRunner.runTest(SuiteRunner.java:384)
at org.testng.SuiteRunner.runSequentially(SuiteRunner.java:378)
at org.testng.SuiteRunner.privateRun(SuiteRunner.java:337)
at org.testng.SuiteRunner.run(SuiteRunner.java:286)
at org.testng.SuiteRunnerWorker.runSuite(SuiteRunnerWorker.java:53)
at org.testng.SuiteRunnerWorker.run(SuiteRunnerWorker.java:96)
at org.testng.TestNG.runSuitesSequentially(TestNG.java:1218)
at org.testng.TestNG.runSuitesLocally(TestNG.java:1140)
at org.testng.TestNG.runSuites(TestNG.java:1069)
at org.testng.TestNG.run(TestNG.java:1037)
at org.testng.remote.AbstractRemoteTestNG.run(AbstractRemoteTestNG.java:115)
at org.testng.remote.RemoteTestNG.initAndRun(RemoteTestNG.java:251)
at org.testng.remote.RemoteTestNG.main(RemoteTestNG.java:77)
]]>
            </full-stacktrace>
          </exception> <!-- java.lang.AssertionError -->
          <reporter-output>
          </reporter-output>
        </test-method> <!-- delete_request_toCheckStatusCode -->
      </class> <!-- RestAssuredAPI -->
    </test> <!-- Default test -->
  </suite> <!-- Default suite -->
</testng-results>
